<?xml version="1.0" encoding="UTF-8"?>
<testsuite xmlns:xsi="http://www.w3.org/2001/XMLSchema-instance" xsi:noNamespaceSchemaLocation="https://maven.apache.org/surefire/maven-surefire-plugin/xsd/surefire-test-report.xsd" name="cn.bdqn.springboot.SpringbootApplicationTests" time="5.636" tests="1" errors="0" skipped="0" failures="0">
  <properties>
    <property name="sun.desktop" value="windows"/>
    <property name="awt.toolkit" value="sun.awt.windows.WToolkit"/>
    <property name="file.encoding.pkg" value="sun.io"/>
    <property name="java.specification.version" value="1.8"/>
    <property name="sun.cpu.isalist" value="amd64"/>
    <property name="sun.jnu.encoding" value="GBK"/>
    <property name="java.class.path" value="F:\IDEA2\dataSave\springboot\target\test-classes;F:\IDEA2\dataSave\springboot\target\classes;D:\apache-maven-3.5.0-bin\MAVEN_resp\org\springframework\boot\spring-boot-starter-thymeleaf\2.2.2.RELEASE\spring-boot-starter-thymeleaf-2.2.2.RELEASE.jar;D:\apache-maven-3.5.0-bin\MAVEN_resp\org\springframework\boot\spring-boot-starter\2.2.2.RELEASE\spring-boot-starter-2.2.2.RELEASE.jar;D:\apache-maven-3.5.0-bin\MAVEN_resp\org\springframework\boot\spring-boot\2.2.2.RELEASE\spring-boot-2.2.2.RELEASE.jar;D:\apache-maven-3.5.0-bin\MAVEN_resp\org\springframework\boot\spring-boot-starter-logging\2.2.2.RELEASE\spring-boot-starter-logging-2.2.2.RELEASE.jar;D:\apache-maven-3.5.0-bin\MAVEN_resp\ch\qos\logback\logback-classic\1.2.3\logback-classic-1.2.3.jar;D:\apache-maven-3.5.0-bin\MAVEN_resp\ch\qos\logback\logback-core\1.2.3\logback-core-1.2.3.jar;D:\apache-maven-3.5.0-bin\MAVEN_resp\org\apache\logging\log4j\log4j-to-slf4j\2.12.1\log4j-to-slf4j-2.12.1.jar;D:\apache-maven-3.5.0-bin\MAVEN_resp\org\apache\logging\log4j\log4j-api\2.12.1\log4j-api-2.12.1.jar;D:\apache-maven-3.5.0-bin\MAVEN_resp\org\slf4j\jul-to-slf4j\1.7.29\jul-to-slf4j-1.7.29.jar;D:\apache-maven-3.5.0-bin\MAVEN_resp\jakarta\annotation\jakarta.annotation-api\1.3.5\jakarta.annotation-api-1.3.5.jar;D:\apache-maven-3.5.0-bin\MAVEN_resp\org\yaml\snakeyaml\1.25\snakeyaml-1.25.jar;D:\apache-maven-3.5.0-bin\MAVEN_resp\org\thymeleaf\thymeleaf-spring5\3.0.11.RELEASE\thymeleaf-spring5-3.0.11.RELEASE.jar;D:\apache-maven-3.5.0-bin\MAVEN_resp\org\thymeleaf\thymeleaf\3.0.11.RELEASE\thymeleaf-3.0.11.RELEASE.jar;D:\apache-maven-3.5.0-bin\MAVEN_resp\org\attoparser\attoparser\2.0.5.RELEASE\attoparser-2.0.5.RELEASE.jar;D:\apache-maven-3.5.0-bin\MAVEN_resp\org\unbescape\unbescape\1.1.6.RELEASE\unbescape-1.1.6.RELEASE.jar;D:\apache-maven-3.5.0-bin\MAVEN_resp\org\slf4j\slf4j-api\1.7.29\slf4j-api-1.7.29.jar;D:\apache-maven-3.5.0-bin\MAVEN_resp\org\thymeleaf\extras\thymeleaf-extras-java8time\3.0.4.RELEASE\thymeleaf-extras-java8time-3.0.4.RELEASE.jar;D:\apache-maven-3.5.0-bin\MAVEN_resp\org\springframework\boot\spring-boot-starter-web\2.2.2.RELEASE\spring-boot-starter-web-2.2.2.RELEASE.jar;D:\apache-maven-3.5.0-bin\MAVEN_resp\org\springframework\boot\spring-boot-starter-json\2.2.2.RELEASE\spring-boot-starter-json-2.2.2.RELEASE.jar;D:\apache-maven-3.5.0-bin\MAVEN_resp\com\fasterxml\jackson\core\jackson-databind\2.10.1\jackson-databind-2.10.1.jar;D:\apache-maven-3.5.0-bin\MAVEN_resp\com\fasterxml\jackson\core\jackson-annotations\2.10.1\jackson-annotations-2.10.1.jar;D:\apache-maven-3.5.0-bin\MAVEN_resp\com\fasterxml\jackson\core\jackson-core\2.10.1\jackson-core-2.10.1.jar;D:\apache-maven-3.5.0-bin\MAVEN_resp\com\fasterxml\jackson\datatype\jackson-datatype-jdk8\2.10.1\jackson-datatype-jdk8-2.10.1.jar;D:\apache-maven-3.5.0-bin\MAVEN_resp\com\fasterxml\jackson\datatype\jackson-datatype-jsr310\2.10.1\jackson-datatype-jsr310-2.10.1.jar;D:\apache-maven-3.5.0-bin\MAVEN_resp\com\fasterxml\jackson\module\jackson-module-parameter-names\2.10.1\jackson-module-parameter-names-2.10.1.jar;D:\apache-maven-3.5.0-bin\MAVEN_resp\org\springframework\boot\spring-boot-starter-tomcat\2.2.2.RELEASE\spring-boot-starter-tomcat-2.2.2.RELEASE.jar;D:\apache-maven-3.5.0-bin\MAVEN_resp\org\apache\tomcat\embed\tomcat-embed-core\9.0.29\tomcat-embed-core-9.0.29.jar;D:\apache-maven-3.5.0-bin\MAVEN_resp\org\apache\tomcat\embed\tomcat-embed-el\9.0.29\tomcat-embed-el-9.0.29.jar;D:\apache-maven-3.5.0-bin\MAVEN_resp\org\apache\tomcat\embed\tomcat-embed-websocket\9.0.29\tomcat-embed-websocket-9.0.29.jar;D:\apache-maven-3.5.0-bin\MAVEN_resp\org\springframework\boot\spring-boot-starter-validation\2.2.2.RELEASE\spring-boot-starter-validation-2.2.2.RELEASE.jar;D:\apache-maven-3.5.0-bin\MAVEN_resp\jakarta\validation\jakarta.validation-api\2.0.1\jakarta.validation-api-2.0.1.jar;D:\apache-maven-3.5.0-bin\MAVEN_resp\org\hibernate\validator\hibernate-validator\6.0.18.Final\hibernate-validator-6.0.18.Final.jar;D:\apache-maven-3.5.0-bin\MAVEN_resp\org\jboss\logging\jboss-logging\3.4.1.Final\jboss-logging-3.4.1.Final.jar;D:\apache-maven-3.5.0-bin\MAVEN_resp\com\fasterxml\classmate\1.5.1\classmate-1.5.1.jar;D:\apache-maven-3.5.0-bin\MAVEN_resp\org\springframework\spring-web\5.2.2.RELEASE\spring-web-5.2.2.RELEASE.jar;D:\apache-maven-3.5.0-bin\MAVEN_resp\org\springframework\spring-beans\5.2.2.RELEASE\spring-beans-5.2.2.RELEASE.jar;D:\apache-maven-3.5.0-bin\MAVEN_resp\org\springframework\spring-webmvc\5.2.2.RELEASE\spring-webmvc-5.2.2.RELEASE.jar;D:\apache-maven-3.5.0-bin\MAVEN_resp\org\springframework\spring-aop\5.2.2.RELEASE\spring-aop-5.2.2.RELEASE.jar;D:\apache-maven-3.5.0-bin\MAVEN_resp\org\springframework\spring-context\5.2.2.RELEASE\spring-context-5.2.2.RELEASE.jar;D:\apache-maven-3.5.0-bin\MAVEN_resp\org\springframework\spring-expression\5.2.2.RELEASE\spring-expression-5.2.2.RELEASE.jar;D:\apache-maven-3.5.0-bin\MAVEN_resp\org\mybatis\spring\boot\mybatis-spring-boot-starter\2.1.1\mybatis-spring-boot-starter-2.1.1.jar;D:\apache-maven-3.5.0-bin\MAVEN_resp\org\springframework\boot\spring-boot-starter-jdbc\2.2.2.RELEASE\spring-boot-starter-jdbc-2.2.2.RELEASE.jar;D:\apache-maven-3.5.0-bin\MAVEN_resp\com\zaxxer\HikariCP\3.4.1\HikariCP-3.4.1.jar;D:\apache-maven-3.5.0-bin\MAVEN_resp\org\springframework\spring-jdbc\5.2.2.RELEASE\spring-jdbc-5.2.2.RELEASE.jar;D:\apache-maven-3.5.0-bin\MAVEN_resp\org\springframework\spring-tx\5.2.2.RELEASE\spring-tx-5.2.2.RELEASE.jar;D:\apache-maven-3.5.0-bin\MAVEN_resp\org\mybatis\spring\boot\mybatis-spring-boot-autoconfigure\2.1.1\mybatis-spring-boot-autoconfigure-2.1.1.jar;D:\apache-maven-3.5.0-bin\MAVEN_resp\org\mybatis\mybatis\3.5.3\mybatis-3.5.3.jar;D:\apache-maven-3.5.0-bin\MAVEN_resp\org\mybatis\mybatis-spring\2.0.3\mybatis-spring-2.0.3.jar;D:\apache-maven-3.5.0-bin\MAVEN_resp\mysql\mysql-connector-java\8.0.18\mysql-connector-java-8.0.18.jar;D:\apache-maven-3.5.0-bin\MAVEN_resp\org\projectlombok\lombok\1.18.10\lombok-1.18.10.jar;D:\apache-maven-3.5.0-bin\MAVEN_resp\com\baomidou\mybatis-plus-boot-starter\3.3.0\mybatis-plus-boot-starter-3.3.0.jar;D:\apache-maven-3.5.0-bin\MAVEN_resp\com\baomidou\mybatis-plus\3.3.0\mybatis-plus-3.3.0.jar;D:\apache-maven-3.5.0-bin\MAVEN_resp\org\springframework\boot\spring-boot-autoconfigure\2.2.2.RELEASE\spring-boot-autoconfigure-2.2.2.RELEASE.jar;D:\apache-maven-3.5.0-bin\MAVEN_resp\com\baomidou\mybatis-plus-generator\3.3.0\mybatis-plus-generator-3.3.0.jar;D:\apache-maven-3.5.0-bin\MAVEN_resp\com\baomidou\mybatis-plus-extension\3.3.0\mybatis-plus-extension-3.3.0.jar;D:\apache-maven-3.5.0-bin\MAVEN_resp\com\baomidou\mybatis-plus-core\3.3.0\mybatis-plus-core-3.3.0.jar;D:\apache-maven-3.5.0-bin\MAVEN_resp\com\baomidou\mybatis-plus-annotation\3.3.0\mybatis-plus-annotation-3.3.0.jar;D:\apache-maven-3.5.0-bin\MAVEN_resp\com\github\jsqlparser\jsqlparser\3.1\jsqlparser-3.1.jar;D:\apache-maven-3.5.0-bin\MAVEN_resp\org\freemarker\freemarker\2.3.29\freemarker-2.3.29.jar;D:\apache-maven-3.5.0-bin\MAVEN_resp\com\alibaba\fastjson\1.2.62\fastjson-1.2.62.jar;D:\apache-maven-3.5.0-bin\MAVEN_resp\org\springframework\boot\spring-boot-starter-test\2.2.2.RELEASE\spring-boot-starter-test-2.2.2.RELEASE.jar;D:\apache-maven-3.5.0-bin\MAVEN_resp\org\springframework\boot\spring-boot-test\2.2.2.RELEASE\spring-boot-test-2.2.2.RELEASE.jar;D:\apache-maven-3.5.0-bin\MAVEN_resp\org\springframework\boot\spring-boot-test-autoconfigure\2.2.2.RELEASE\spring-boot-test-autoconfigure-2.2.2.RELEASE.jar;D:\apache-maven-3.5.0-bin\MAVEN_resp\com\jayway\jsonpath\json-path\2.4.0\json-path-2.4.0.jar;D:\apache-maven-3.5.0-bin\MAVEN_resp\net\minidev\json-smart\2.3\json-smart-2.3.jar;D:\apache-maven-3.5.0-bin\MAVEN_resp\net\minidev\accessors-smart\1.2\accessors-smart-1.2.jar;D:\apache-maven-3.5.0-bin\MAVEN_resp\org\ow2\asm\asm\5.0.4\asm-5.0.4.jar;D:\apache-maven-3.5.0-bin\MAVEN_resp\jakarta\xml\bind\jakarta.xml.bind-api\2.3.2\jakarta.xml.bind-api-2.3.2.jar;D:\apache-maven-3.5.0-bin\MAVEN_resp\jakarta\activation\jakarta.activation-api\1.2.1\jakarta.activation-api-1.2.1.jar;D:\apache-maven-3.5.0-bin\MAVEN_resp\org\junit\jupiter\junit-jupiter\5.5.2\junit-jupiter-5.5.2.jar;D:\apache-maven-3.5.0-bin\MAVEN_resp\org\junit\jupiter\junit-jupiter-api\5.5.2\junit-jupiter-api-5.5.2.jar;D:\apache-maven-3.5.0-bin\MAVEN_resp\org\apiguardian\apiguardian-api\1.1.0\apiguardian-api-1.1.0.jar;D:\apache-maven-3.5.0-bin\MAVEN_resp\org\opentest4j\opentest4j\1.2.0\opentest4j-1.2.0.jar;D:\apache-maven-3.5.0-bin\MAVEN_resp\org\junit\platform\junit-platform-commons\1.5.2\junit-platform-commons-1.5.2.jar;D:\apache-maven-3.5.0-bin\MAVEN_resp\org\junit\jupiter\junit-jupiter-params\5.5.2\junit-jupiter-params-5.5.2.jar;D:\apache-maven-3.5.0-bin\MAVEN_resp\org\junit\jupiter\junit-jupiter-engine\5.5.2\junit-jupiter-engine-5.5.2.jar;D:\apache-maven-3.5.0-bin\MAVEN_resp\org\junit\platform\junit-platform-engine\1.5.2\junit-platform-engine-1.5.2.jar;D:\apache-maven-3.5.0-bin\MAVEN_resp\org\mockito\mockito-junit-jupiter\3.1.0\mockito-junit-jupiter-3.1.0.jar;D:\apache-maven-3.5.0-bin\MAVEN_resp\org\assertj\assertj-core\3.13.2\assertj-core-3.13.2.jar;D:\apache-maven-3.5.0-bin\MAVEN_resp\org\hamcrest\hamcrest\2.1\hamcrest-2.1.jar;D:\apache-maven-3.5.0-bin\MAVEN_resp\org\mockito\mockito-core\3.1.0\mockito-core-3.1.0.jar;D:\apache-maven-3.5.0-bin\MAVEN_resp\net\bytebuddy\byte-buddy\1.10.4\byte-buddy-1.10.4.jar;D:\apache-maven-3.5.0-bin\MAVEN_resp\net\bytebuddy\byte-buddy-agent\1.10.4\byte-buddy-agent-1.10.4.jar;D:\apache-maven-3.5.0-bin\MAVEN_resp\org\objenesis\objenesis\2.6\objenesis-2.6.jar;D:\apache-maven-3.5.0-bin\MAVEN_resp\org\skyscreamer\jsonassert\1.5.0\jsonassert-1.5.0.jar;D:\apache-maven-3.5.0-bin\MAVEN_resp\com\vaadin\external\google\android-json\0.0.20131108.vaadin1\android-json-0.0.20131108.vaadin1.jar;D:\apache-maven-3.5.0-bin\MAVEN_resp\org\springframework\spring-core\5.2.2.RELEASE\spring-core-5.2.2.RELEASE.jar;D:\apache-maven-3.5.0-bin\MAVEN_resp\org\springframework\spring-jcl\5.2.2.RELEASE\spring-jcl-5.2.2.RELEASE.jar;D:\apache-maven-3.5.0-bin\MAVEN_resp\org\springframework\spring-test\5.2.2.RELEASE\spring-test-5.2.2.RELEASE.jar;D:\apache-maven-3.5.0-bin\MAVEN_resp\org\xmlunit\xmlunit-core\2.6.3\xmlunit-core-2.6.3.jar;"/>
    <property name="java.vm.vendor" value="Oracle Corporation"/>
    <property name="sun.arch.data.model" value="64"/>
    <property name="user.variant" value=""/>
    <property name="java.vendor.url" value="http://java.oracle.com/"/>
    <property name="user.timezone" value="Asia/Shanghai"/>
    <property name="java.vm.specification.version" value="1.8"/>
    <property name="os.name" value="Windows 10"/>
    <property name="user.country" value="CN"/>
    <property name="sun.java.launcher" value="SUN_STANDARD"/>
    <property name="sun.boot.library.path" value="C:\Program Files\Java\jdk1.8.0_181\jre\bin"/>
    <property name="sun.java.command" value="C:\Users\lenovo\AppData\Local\Temp\surefire8009441236490334224\surefirebooter7522053538451908015.jar C:\Users\lenovo\AppData\Local\Temp\surefire8009441236490334224 2020-01-19T08-04-32_573-jvmRun1 surefire2866724655455326212tmp surefire_046125103529577328tmp"/>
    <property name="surefire.test.class.path" value="F:\IDEA2\dataSave\springboot\target\test-classes;F:\IDEA2\dataSave\springboot\target\classes;D:\apache-maven-3.5.0-bin\MAVEN_resp\org\springframework\boot\spring-boot-starter-thymeleaf\2.2.2.RELEASE\spring-boot-starter-thymeleaf-2.2.2.RELEASE.jar;D:\apache-maven-3.5.0-bin\MAVEN_resp\org\springframework\boot\spring-boot-starter\2.2.2.RELEASE\spring-boot-starter-2.2.2.RELEASE.jar;D:\apache-maven-3.5.0-bin\MAVEN_resp\org\springframework\boot\spring-boot\2.2.2.RELEASE\spring-boot-2.2.2.RELEASE.jar;D:\apache-maven-3.5.0-bin\MAVEN_resp\org\springframework\boot\spring-boot-starter-logging\2.2.2.RELEASE\spring-boot-starter-logging-2.2.2.RELEASE.jar;D:\apache-maven-3.5.0-bin\MAVEN_resp\ch\qos\logback\logback-classic\1.2.3\logback-classic-1.2.3.jar;D:\apache-maven-3.5.0-bin\MAVEN_resp\ch\qos\logback\logback-core\1.2.3\logback-core-1.2.3.jar;D:\apache-maven-3.5.0-bin\MAVEN_resp\org\apache\logging\log4j\log4j-to-slf4j\2.12.1\log4j-to-slf4j-2.12.1.jar;D:\apache-maven-3.5.0-bin\MAVEN_resp\org\apache\logging\log4j\log4j-api\2.12.1\log4j-api-2.12.1.jar;D:\apache-maven-3.5.0-bin\MAVEN_resp\org\slf4j\jul-to-slf4j\1.7.29\jul-to-slf4j-1.7.29.jar;D:\apache-maven-3.5.0-bin\MAVEN_resp\jakarta\annotation\jakarta.annotation-api\1.3.5\jakarta.annotation-api-1.3.5.jar;D:\apache-maven-3.5.0-bin\MAVEN_resp\org\yaml\snakeyaml\1.25\snakeyaml-1.25.jar;D:\apache-maven-3.5.0-bin\MAVEN_resp\org\thymeleaf\thymeleaf-spring5\3.0.11.RELEASE\thymeleaf-spring5-3.0.11.RELEASE.jar;D:\apache-maven-3.5.0-bin\MAVEN_resp\org\thymeleaf\thymeleaf\3.0.11.RELEASE\thymeleaf-3.0.11.RELEASE.jar;D:\apache-maven-3.5.0-bin\MAVEN_resp\org\attoparser\attoparser\2.0.5.RELEASE\attoparser-2.0.5.RELEASE.jar;D:\apache-maven-3.5.0-bin\MAVEN_resp\org\unbescape\unbescape\1.1.6.RELEASE\unbescape-1.1.6.RELEASE.jar;D:\apache-maven-3.5.0-bin\MAVEN_resp\org\slf4j\slf4j-api\1.7.29\slf4j-api-1.7.29.jar;D:\apache-maven-3.5.0-bin\MAVEN_resp\org\thymeleaf\extras\thymeleaf-extras-java8time\3.0.4.RELEASE\thymeleaf-extras-java8time-3.0.4.RELEASE.jar;D:\apache-maven-3.5.0-bin\MAVEN_resp\org\springframework\boot\spring-boot-starter-web\2.2.2.RELEASE\spring-boot-starter-web-2.2.2.RELEASE.jar;D:\apache-maven-3.5.0-bin\MAVEN_resp\org\springframework\boot\spring-boot-starter-json\2.2.2.RELEASE\spring-boot-starter-json-2.2.2.RELEASE.jar;D:\apache-maven-3.5.0-bin\MAVEN_resp\com\fasterxml\jackson\core\jackson-databind\2.10.1\jackson-databind-2.10.1.jar;D:\apache-maven-3.5.0-bin\MAVEN_resp\com\fasterxml\jackson\core\jackson-annotations\2.10.1\jackson-annotations-2.10.1.jar;D:\apache-maven-3.5.0-bin\MAVEN_resp\com\fasterxml\jackson\core\jackson-core\2.10.1\jackson-core-2.10.1.jar;D:\apache-maven-3.5.0-bin\MAVEN_resp\com\fasterxml\jackson\datatype\jackson-datatype-jdk8\2.10.1\jackson-datatype-jdk8-2.10.1.jar;D:\apache-maven-3.5.0-bin\MAVEN_resp\com\fasterxml\jackson\datatype\jackson-datatype-jsr310\2.10.1\jackson-datatype-jsr310-2.10.1.jar;D:\apache-maven-3.5.0-bin\MAVEN_resp\com\fasterxml\jackson\module\jackson-module-parameter-names\2.10.1\jackson-module-parameter-names-2.10.1.jar;D:\apache-maven-3.5.0-bin\MAVEN_resp\org\springframework\boot\spring-boot-starter-tomcat\2.2.2.RELEASE\spring-boot-starter-tomcat-2.2.2.RELEASE.jar;D:\apache-maven-3.5.0-bin\MAVEN_resp\org\apache\tomcat\embed\tomcat-embed-core\9.0.29\tomcat-embed-core-9.0.29.jar;D:\apache-maven-3.5.0-bin\MAVEN_resp\org\apache\tomcat\embed\tomcat-embed-el\9.0.29\tomcat-embed-el-9.0.29.jar;D:\apache-maven-3.5.0-bin\MAVEN_resp\org\apache\tomcat\embed\tomcat-embed-websocket\9.0.29\tomcat-embed-websocket-9.0.29.jar;D:\apache-maven-3.5.0-bin\MAVEN_resp\org\springframework\boot\spring-boot-starter-validation\2.2.2.RELEASE\spring-boot-starter-validation-2.2.2.RELEASE.jar;D:\apache-maven-3.5.0-bin\MAVEN_resp\jakarta\validation\jakarta.validation-api\2.0.1\jakarta.validation-api-2.0.1.jar;D:\apache-maven-3.5.0-bin\MAVEN_resp\org\hibernate\validator\hibernate-validator\6.0.18.Final\hibernate-validator-6.0.18.Final.jar;D:\apache-maven-3.5.0-bin\MAVEN_resp\org\jboss\logging\jboss-logging\3.4.1.Final\jboss-logging-3.4.1.Final.jar;D:\apache-maven-3.5.0-bin\MAVEN_resp\com\fasterxml\classmate\1.5.1\classmate-1.5.1.jar;D:\apache-maven-3.5.0-bin\MAVEN_resp\org\springframework\spring-web\5.2.2.RELEASE\spring-web-5.2.2.RELEASE.jar;D:\apache-maven-3.5.0-bin\MAVEN_resp\org\springframework\spring-beans\5.2.2.RELEASE\spring-beans-5.2.2.RELEASE.jar;D:\apache-maven-3.5.0-bin\MAVEN_resp\org\springframework\spring-webmvc\5.2.2.RELEASE\spring-webmvc-5.2.2.RELEASE.jar;D:\apache-maven-3.5.0-bin\MAVEN_resp\org\springframework\spring-aop\5.2.2.RELEASE\spring-aop-5.2.2.RELEASE.jar;D:\apache-maven-3.5.0-bin\MAVEN_resp\org\springframework\spring-context\5.2.2.RELEASE\spring-context-5.2.2.RELEASE.jar;D:\apache-maven-3.5.0-bin\MAVEN_resp\org\springframework\spring-expression\5.2.2.RELEASE\spring-expression-5.2.2.RELEASE.jar;D:\apache-maven-3.5.0-bin\MAVEN_resp\org\mybatis\spring\boot\mybatis-spring-boot-starter\2.1.1\mybatis-spring-boot-starter-2.1.1.jar;D:\apache-maven-3.5.0-bin\MAVEN_resp\org\springframework\boot\spring-boot-starter-jdbc\2.2.2.RELEASE\spring-boot-starter-jdbc-2.2.2.RELEASE.jar;D:\apache-maven-3.5.0-bin\MAVEN_resp\com\zaxxer\HikariCP\3.4.1\HikariCP-3.4.1.jar;D:\apache-maven-3.5.0-bin\MAVEN_resp\org\springframework\spring-jdbc\5.2.2.RELEASE\spring-jdbc-5.2.2.RELEASE.jar;D:\apache-maven-3.5.0-bin\MAVEN_resp\org\springframework\spring-tx\5.2.2.RELEASE\spring-tx-5.2.2.RELEASE.jar;D:\apache-maven-3.5.0-bin\MAVEN_resp\org\mybatis\spring\boot\mybatis-spring-boot-autoconfigure\2.1.1\mybatis-spring-boot-autoconfigure-2.1.1.jar;D:\apache-maven-3.5.0-bin\MAVEN_resp\org\mybatis\mybatis\3.5.3\mybatis-3.5.3.jar;D:\apache-maven-3.5.0-bin\MAVEN_resp\org\mybatis\mybatis-spring\2.0.3\mybatis-spring-2.0.3.jar;D:\apache-maven-3.5.0-bin\MAVEN_resp\mysql\mysql-connector-java\8.0.18\mysql-connector-java-8.0.18.jar;D:\apache-maven-3.5.0-bin\MAVEN_resp\org\projectlombok\lombok\1.18.10\lombok-1.18.10.jar;D:\apache-maven-3.5.0-bin\MAVEN_resp\com\baomidou\mybatis-plus-boot-starter\3.3.0\mybatis-plus-boot-starter-3.3.0.jar;D:\apache-maven-3.5.0-bin\MAVEN_resp\com\baomidou\mybatis-plus\3.3.0\mybatis-plus-3.3.0.jar;D:\apache-maven-3.5.0-bin\MAVEN_resp\org\springframework\boot\spring-boot-autoconfigure\2.2.2.RELEASE\spring-boot-autoconfigure-2.2.2.RELEASE.jar;D:\apache-maven-3.5.0-bin\MAVEN_resp\com\baomidou\mybatis-plus-generator\3.3.0\mybatis-plus-generator-3.3.0.jar;D:\apache-maven-3.5.0-bin\MAVEN_resp\com\baomidou\mybatis-plus-extension\3.3.0\mybatis-plus-extension-3.3.0.jar;D:\apache-maven-3.5.0-bin\MAVEN_resp\com\baomidou\mybatis-plus-core\3.3.0\mybatis-plus-core-3.3.0.jar;D:\apache-maven-3.5.0-bin\MAVEN_resp\com\baomidou\mybatis-plus-annotation\3.3.0\mybatis-plus-annotation-3.3.0.jar;D:\apache-maven-3.5.0-bin\MAVEN_resp\com\github\jsqlparser\jsqlparser\3.1\jsqlparser-3.1.jar;D:\apache-maven-3.5.0-bin\MAVEN_resp\org\freemarker\freemarker\2.3.29\freemarker-2.3.29.jar;D:\apache-maven-3.5.0-bin\MAVEN_resp\com\alibaba\fastjson\1.2.62\fastjson-1.2.62.jar;D:\apache-maven-3.5.0-bin\MAVEN_resp\org\springframework\boot\spring-boot-starter-test\2.2.2.RELEASE\spring-boot-starter-test-2.2.2.RELEASE.jar;D:\apache-maven-3.5.0-bin\MAVEN_resp\org\springframework\boot\spring-boot-test\2.2.2.RELEASE\spring-boot-test-2.2.2.RELEASE.jar;D:\apache-maven-3.5.0-bin\MAVEN_resp\org\springframework\boot\spring-boot-test-autoconfigure\2.2.2.RELEASE\spring-boot-test-autoconfigure-2.2.2.RELEASE.jar;D:\apache-maven-3.5.0-bin\MAVEN_resp\com\jayway\jsonpath\json-path\2.4.0\json-path-2.4.0.jar;D:\apache-maven-3.5.0-bin\MAVEN_resp\net\minidev\json-smart\2.3\json-smart-2.3.jar;D:\apache-maven-3.5.0-bin\MAVEN_resp\net\minidev\accessors-smart\1.2\accessors-smart-1.2.jar;D:\apache-maven-3.5.0-bin\MAVEN_resp\org\ow2\asm\asm\5.0.4\asm-5.0.4.jar;D:\apache-maven-3.5.0-bin\MAVEN_resp\jakarta\xml\bind\jakarta.xml.bind-api\2.3.2\jakarta.xml.bind-api-2.3.2.jar;D:\apache-maven-3.5.0-bin\MAVEN_resp\jakarta\activation\jakarta.activation-api\1.2.1\jakarta.activation-api-1.2.1.jar;D:\apache-maven-3.5.0-bin\MAVEN_resp\org\junit\jupiter\junit-jupiter\5.5.2\junit-jupiter-5.5.2.jar;D:\apache-maven-3.5.0-bin\MAVEN_resp\org\junit\jupiter\junit-jupiter-api\5.5.2\junit-jupiter-api-5.5.2.jar;D:\apache-maven-3.5.0-bin\MAVEN_resp\org\apiguardian\apiguardian-api\1.1.0\apiguardian-api-1.1.0.jar;D:\apache-maven-3.5.0-bin\MAVEN_resp\org\opentest4j\opentest4j\1.2.0\opentest4j-1.2.0.jar;D:\apache-maven-3.5.0-bin\MAVEN_resp\org\junit\platform\junit-platform-commons\1.5.2\junit-platform-commons-1.5.2.jar;D:\apache-maven-3.5.0-bin\MAVEN_resp\org\junit\jupiter\junit-jupiter-params\5.5.2\junit-jupiter-params-5.5.2.jar;D:\apache-maven-3.5.0-bin\MAVEN_resp\org\junit\jupiter\junit-jupiter-engine\5.5.2\junit-jupiter-engine-5.5.2.jar;D:\apache-maven-3.5.0-bin\MAVEN_resp\org\junit\platform\junit-platform-engine\1.5.2\junit-platform-engine-1.5.2.jar;D:\apache-maven-3.5.0-bin\MAVEN_resp\org\mockito\mockito-junit-jupiter\3.1.0\mockito-junit-jupiter-3.1.0.jar;D:\apache-maven-3.5.0-bin\MAVEN_resp\org\assertj\assertj-core\3.13.2\assertj-core-3.13.2.jar;D:\apache-maven-3.5.0-bin\MAVEN_resp\org\hamcrest\hamcrest\2.1\hamcrest-2.1.jar;D:\apache-maven-3.5.0-bin\MAVEN_resp\org\mockito\mockito-core\3.1.0\mockito-core-3.1.0.jar;D:\apache-maven-3.5.0-bin\MAVEN_resp\net\bytebuddy\byte-buddy\1.10.4\byte-buddy-1.10.4.jar;D:\apache-maven-3.5.0-bin\MAVEN_resp\net\bytebuddy\byte-buddy-agent\1.10.4\byte-buddy-agent-1.10.4.jar;D:\apache-maven-3.5.0-bin\MAVEN_resp\org\objenesis\objenesis\2.6\objenesis-2.6.jar;D:\apache-maven-3.5.0-bin\MAVEN_resp\org\skyscreamer\jsonassert\1.5.0\jsonassert-1.5.0.jar;D:\apache-maven-3.5.0-bin\MAVEN_resp\com\vaadin\external\google\android-json\0.0.20131108.vaadin1\android-json-0.0.20131108.vaadin1.jar;D:\apache-maven-3.5.0-bin\MAVEN_resp\org\springframework\spring-core\5.2.2.RELEASE\spring-core-5.2.2.RELEASE.jar;D:\apache-maven-3.5.0-bin\MAVEN_resp\org\springframework\spring-jcl\5.2.2.RELEASE\spring-jcl-5.2.2.RELEASE.jar;D:\apache-maven-3.5.0-bin\MAVEN_resp\org\springframework\spring-test\5.2.2.RELEASE\spring-test-5.2.2.RELEASE.jar;D:\apache-maven-3.5.0-bin\MAVEN_resp\org\xmlunit\xmlunit-core\2.6.3\xmlunit-core-2.6.3.jar;"/>
    <property name="sun.cpu.endian" value="little"/>
    <property name="user.home" value="C:\Users\lenovo"/>
    <property name="user.language" value="zh"/>
    <property name="java.specification.vendor" value="Oracle Corporation"/>
    <property name="java.home" value="C:\Program Files\Java\jdk1.8.0_181\jre"/>
    <property name="basedir" value="F:\IDEA2\dataSave\springboot"/>
    <property name="file.separator" value="\"/>
    <property name="line.separator" value="&#10;"/>
    <property name="java.vm.specification.vendor" value="Oracle Corporation"/>
    <property name="java.specification.name" value="Java Platform API Specification"/>
    <property name="java.awt.graphicsenv" value="sun.awt.Win32GraphicsEnvironment"/>
    <property name="surefire.real.class.path" value="C:\Users\lenovo\AppData\Local\Temp\surefire8009441236490334224\surefirebooter7522053538451908015.jar"/>
    <property name="sun.boot.class.path" value="C:\Program Files\Java\jdk1.8.0_181\jre\lib\resources.jar;C:\Program Files\Java\jdk1.8.0_181\jre\lib\rt.jar;C:\Program Files\Java\jdk1.8.0_181\jre\lib\sunrsasign.jar;C:\Program Files\Java\jdk1.8.0_181\jre\lib\jsse.jar;C:\Program Files\Java\jdk1.8.0_181\jre\lib\jce.jar;C:\Program Files\Java\jdk1.8.0_181\jre\lib\charsets.jar;C:\Program Files\Java\jdk1.8.0_181\jre\lib\jfr.jar;C:\Program Files\Java\jdk1.8.0_181\jre\classes"/>
    <property name="user.script" value=""/>
    <property name="sun.management.compiler" value="HotSpot 64-Bit Tiered Compilers"/>
    <property name="java.runtime.version" value="1.8.0_181-b13"/>
    <property name="user.name" value="lenovo"/>
    <property name="path.separator" value=";"/>
    <property name="os.version" value="10.0"/>
    <property name="java.endorsed.dirs" value="C:\Program Files\Java\jdk1.8.0_181\jre\lib\endorsed"/>
    <property name="java.runtime.name" value="Java(TM) SE Runtime Environment"/>
    <property name="file.encoding" value="GBK"/>
    <property name="java.vm.name" value="Java HotSpot(TM) 64-Bit Server VM"/>
    <property name="localRepository" value="D:\apache-maven-3.5.0-bin\MAVEN_resp"/>
    <property name="java.vendor.url.bug" value="http://bugreport.sun.com/bugreport/"/>
    <property name="java.io.tmpdir" value="C:\Users\lenovo\AppData\Local\Temp\"/>
    <property name="java.version" value="1.8.0_181"/>
    <property name="user.dir" value="F:\IDEA2\dataSave\springboot"/>
    <property name="os.arch" value="amd64"/>
    <property name="java.vm.specification.name" value="Java Virtual Machine Specification"/>
    <property name="java.awt.printerjob" value="sun.awt.windows.WPrinterJob"/>
    <property name="idea.version2019.3.1" value="true"/>
    <property name="sun.os.patch.level" value=""/>
    <property name="java.library.path" value="C:\Program Files\Java\jdk1.8.0_181\jre\bin;C:\WINDOWS\Sun\Java\bin;C:\WINDOWS\system32;C:\WINDOWS;F:\Oracle\jml\product\11.2.0\dbhome_1\bin;C:\Program Files (x86)\Common Files\Oracle\Java\javapath;C:\Program Files (x86)\Intel\Intel(R) Management Engine Components\iCLS\;C:\Program Files\Intel\Intel(R) Management Engine Components\iCLS\;C:\Windows\system32;C:\Windows;C:\Windows\System32\Wbem;C:\Windows\System32\WindowsPowerShell\v1.0\;C:\Program Files (x86)\Intel\Intel(R) Management Engine Components\DAL;C:\Program Files\Intel\Intel(R) Management Engine Components\DAL;C:\Program Files (x86)\Intel\Intel(R) Management Engine Components\IPT;C:\Program Files\Intel\Intel(R) Management Engine Components\IPT;C:\Program Files (x86)\NVIDIA Corporation\PhysX\Common;C:\WINDOWS\system32;C:\WINDOWS;C:\WINDOWS\System32\Wbem;C:\WINDOWS\System32\WindowsPowerShell\v1.0\;C:\WINDOWS\System32\OpenSSH\;C:\Program Files\Microsoft SQL Server\130\Tools\Binn\;E:\Program Files (x86)\Microsoft SQL Server\100\Tools\Binn\;E:\Program Files\Microsoft SQL Server\100\Tools\Binn\;E:\Program Files\Microsoft SQL Server\100\DTS\Binn\;E:\Program Files (x86)\Microsoft SQL Server\100\Tools\Binn\VSShell\Common7\IDE\;C:\Program Files (x86)\Microsoft Visual Studio 9.0\Common7\IDE\PrivateAssemblies\;E:\Program Files (x86)\Microsoft SQL Server\100\DTS\Binn\;F:\Program Files\MySQL\MySQL Server 5.5\bin;C:\Program Files\Java\jdk1.8.0_181\bin;D:\apache-maven-3.5.0-bin\apache-maven-3.6.2\bin;F:\GIT\Git\cmd;D:\SVN\location\bin;C:\Users\lenovo\AppData\Local\Microsoft\WindowsApps;;D:\SSH;."/>
    <property name="java.vm.info" value="mixed mode"/>
    <property name="java.vendor" value="Oracle Corporation"/>
    <property name="java.vm.version" value="25.181-b13"/>
    <property name="java.ext.dirs" value="C:\Program Files\Java\jdk1.8.0_181\jre\lib\ext;C:\WINDOWS\Sun\Java\lib\ext"/>
    <property name="sun.io.unicode.encoding" value="UnicodeLittle"/>
    <property name="java.class.version" value="52.0"/>
  </properties>
  <testcase name="contextLoads" classname="cn.bdqn.springboot.SpringbootApplicationTests" time="0.416"/>
</testsuite>